<?xml version="1.0" encoding="UTF-8"?>
<testsuite name="BullsCowsTest" tests="1" skipped="0" failures="0" errors="0" timestamp="2026-03-11T03:17:27.579Z" hostname="MOHAIBRA" time="1.026">
  <properties/>
  <testcase name="start" classname="BullsCowsTest" time="1.026"/>
  <system-out><![CDATA[?[1;31m
Start test 1?[0m
Please, enter the secret code's length:
> 1
Input the number of possible symbols in the code:
> 10
Okay, let's start the game!
The secret is prepared: * (0-9)
Turn 1:
> 0
Grade: None.
Turn 2:
> 1
Grade: None.
Turn 3:
> 2
Grade: None.
Turn 4:
> 3
Grade: None.
Turn 5:
> 4
Grade: None.
Turn 6:
> 5
Grade: None.
Turn 7:
> 6
Grade: 1 bulls.
Congratulations! You guessed the secret code.
?[1;31m
Start test 2?[0m
Please, enter the secret code's length:
> 4
Input the number of possible symbols in the code:
> 10
Okay, let's start the game!
The secret is prepared: **** (0-9)
Turn 1:
> 0000
Grade: None.
Turn 2:
> 1111
Grade: 1 bull(s).
Turn 3:
> 2222
Grade: 1 bull(s).
Turn 4:
> 3333
Grade: None.
Turn 5:
> 4444
Grade: None.
Turn 6:
> 5555
Grade: None.
Turn 7:
> 6666
Grade: 1 bull(s).
Turn 8:
> 7777
Grade: None.
Turn 9:
> 8888
Grade: None.
Turn 10:
> 9999
Grade: 1 bull(s).
Turn 11:
> 1269
Grade: 4 cow(s).
Turn 12:
> 2169
Grade: 4 cow(s).
Turn 13:
> 6129
Grade: 1 bull(s) 3 cow(s).
Turn 14:
> 1629
Grade: 2 bull(s) 2 cow(s).
Turn 15:
> 2619
Grade: 1 bull(s) 3 cow(s).
Turn 16:
> 6219
Grade: 4 cow(s).
Turn 17:
> 9216
Grade: 1 bull(s) 3 cow(s).
Turn 18:
> 2916
Grade: 4 cow(s).
Turn 19:
> 1926
Grade: 1 bull(s) 3 cow(s).
Turn 20:
> 9126
Grade: 2 bull(s) 2 cow(s).
Turn 21:
> 2196
Grade: 4 cow(s).
Turn 22:
> 1296
Grade: 4 cow(s).
Turn 23:
> 1692
Grade: 1 bull(s) 3 cow(s).
Turn 24:
> 6192
Grade: 4 cow(s).
Turn 25:
> 9162
Grade: 1 bull(s) 3 cow(s).
Turn 26:
> 1962
Grade: 4 cow(s).
Turn 27:
> 6912
Grade: 4 cow(s).
Turn 28:
> 9612
Grade: 2 bull(s) 2 cow(s).
Turn 29:
> 9621
Grade: 4 bulls.
Congratulations! You guessed the secret code.
?[1;31m
Start test 3?[0m
Please, enter the secret code's length:
> 6
Input the number of possible symbols in the code:
> 10
Okay, let's start the game!
The secret is prepared: ****** (0-9)
Turn 1:
> 000000
Grade: None.
Turn 2:
> 111111
Grade: 1 bull(s).
Turn 3:
> 222222
Grade: 1 bull(s).
Turn 4:
> 333333
Grade: 1 bull(s).
Turn 5:
> 444444
Grade: 1 bull(s).
Turn 6:
> 555555
Grade: None.
Turn 7:
> 666666
Grade: 1 bull(s).
Turn 8:
> 777777
Grade: None.
Turn 9:
> 888888
Grade: None.
Turn 10:
> 999999
Grade: 1 bull(s).
Turn 11:
> 123469
Grade: 6 cow(s).
Turn 12:
> 213469
Grade: 6 cow(s).
Turn 13:
> 312469
Grade: 6 cow(s).
Turn 14:
> 132469
Grade: 1 bull(s) 5 cow(s).
Turn 15:
> 231469
Grade: 1 bull(s) 5 cow(s).
Turn 16:
> 321469
Grade: 6 cow(s).
Turn 17:
> 421369
Grade: 6 cow(s).
Turn 18:
> 241369
Grade: 6 cow(s).
Turn 19:
> 142369
Grade: 6 cow(s).
Turn 20:
> 412369
Grade: 6 cow(s).
Turn 21:
> 214369
Grade: 6 cow(s).
Turn 22:
> 124369
Grade: 6 cow(s).
Turn 23:
> 134269
Grade: 1 bull(s) 5 cow(s).
Turn 24:
> 314269
Grade: 6 cow(s).
Turn 25:
> 413269
Grade: 6 cow(s).
Turn 26:
> 143269
Grade: 6 cow(s).
Turn 27:
> 341269
Grade: 6 cow(s).
Turn 28:
> 431269
Grade: 1 bull(s) 5 cow(s).
Turn 29:
> 432169
Grade: 2 bull(s) 4 cow(s).
Turn 30:
> 342169
Grade: 1 bull(s) 5 cow(s).
Turn 31:
> 243169
Grade: 1 bull(s) 5 cow(s).
Turn 32:
> 423169
Grade: 1 bull(s) 5 cow(s).
Turn 33:
> 324169
Grade: 1 bull(s) 5 cow(s).
Turn 34:
> 234169
Grade: 2 bull(s) 4 cow(s).
Turn 35:
> 634129
Grade: 3 bull(s) 3 cow(s).
Turn 36:
> 364129
Grade: 1 bull(s) 5 cow(s).
Turn 37:
> 463129
Grade: 1 bull(s) 5 cow(s).
Turn 38:
> 643129
Grade: 2 bull(s) 4 cow(s).
Turn 39:
> 346129
Grade: 1 bull(s) 5 cow(s).
Turn 40:
> 436129
Grade: 2 bull(s) 4 cow(s).
Turn 41:
> 136429
Grade: 1 bull(s) 5 cow(s).
Turn 42:
> 316429
Grade: 6 cow(s).
Turn 43:
> 613429
Grade: 1 bull(s) 5 cow(s).
Turn 44:
> 163429
Grade: 6 cow(s).
Turn 45:
> 361429
Grade: 6 cow(s).
Turn 46:
> 631429
Grade: 2 bull(s) 4 cow(s).
Turn 47:
> 641329
Grade: 1 bull(s) 5 cow(s).
Turn 48:
> 461329
Grade: 6 cow(s).
Turn 49:
> 164329
Grade: 6 cow(s).
Turn 50:
> 614329
Grade: 1 bull(s) 5 cow(s).
Turn 51:
> 416329
Grade: 6 cow(s).
Turn 52:
> 146329
Grade: 6 cow(s).
Turn 53:
> 143629
Grade: 6 cow(s).
Turn 54:
> 413629
Grade: 6 cow(s).
Turn 55:
> 314629
Grade: 6 cow(s).
Turn 56:
> 134629
Grade: 1 bull(s) 5 cow(s).
Turn 57:
> 431629
Grade: 1 bull(s) 5 cow(s).
Turn 58:
> 341629
Grade: 6 cow(s).
Turn 59:
> 241639
Grade: 6 cow(s).
Turn 60:
> 421639
Grade: 6 cow(s).
Turn 61:
> 124639
Grade: 6 cow(s).
Turn 62:
> 214639
Grade: 6 cow(s).
Turn 63:
> 412639
Grade: 6 cow(s).
Turn 64:
> 142639
Grade: 6 cow(s).
Turn 65:
> 642139
Grade: 2 bull(s) 4 cow(s).
Turn 66:
> 462139
Grade: 1 bull(s) 5 cow(s).
Turn 67:
> 264139
Grade: 1 bull(s) 5 cow(s).
Turn 68:
> 624139
Grade: 2 bull(s) 4 cow(s).
Turn 69:
> 426139
Grade: 1 bull(s) 5 cow(s).
Turn 70:
> 246139
Grade: 1 bull(s) 5 cow(s).
Turn 71:
> 216439
Grade: 6 cow(s).
Turn 72:
> 126439
Grade: 6 cow(s).
Turn 73:
> 621439
Grade: 1 bull(s) 5 cow(s).
Turn 74:
> 261439
Grade: 6 cow(s).
Turn 75:
> 162439
Grade: 6 cow(s).
Turn 76:
> 612439
Grade: 1 bull(s) 5 cow(s).
Turn 77:
> 614239
Grade: 1 bull(s) 5 cow(s).
Turn 78:
> 164239
Grade: 6 cow(s).
Turn 79:
> 461239
Grade: 6 cow(s).
Turn 80:
> 641239
Grade: 1 bull(s) 5 cow(s).
Turn 81:
> 146239
Grade: 6 cow(s).
Turn 82:
> 416239
Grade: 6 cow(s).
Turn 83:
> 316249
Grade: 1 bull(s) 5 cow(s).
Turn 84:
> 136249
Grade: 2 bull(s) 4 cow(s).
Turn 85:
> 631249
Grade: 3 bull(s) 3 cow(s).
Turn 86:
> 361249
Grade: 1 bull(s) 5 cow(s).
Turn 87:
> 163249
Grade: 1 bull(s) 5 cow(s).
Turn 88:
> 613249
Grade: 2 bull(s) 4 cow(s).
Turn 89:
> 213649
Grade: 1 bull(s) 5 cow(s).
Turn 90:
> 123649
Grade: 1 bull(s) 5 cow(s).
Turn 91:
> 321649
Grade: 1 bull(s) 5 cow(s).
Turn 92:
> 231649
Grade: 2 bull(s) 4 cow(s).
Turn 93:
> 132649
Grade: 2 bull(s) 4 cow(s).
Turn 94:
> 312649
Grade: 1 bull(s) 5 cow(s).
Turn 95:
> 362149
Grade: 2 bull(s) 4 cow(s).
Turn 96:
> 632149
Grade: 4 bull(s) 2 cow(s).
Turn 97:
> 236149
Grade: 3 bull(s) 3 cow(s).
Turn 98:
> 326149
Grade: 2 bull(s) 4 cow(s).
Turn 99:
> 623149
Grade: 3 bull(s) 3 cow(s).
Turn 100:
> 263149
Grade: 2 bull(s) 4 cow(s).
Turn 101:
> 261349
Grade: 1 bull(s) 5 cow(s).
Turn 102:
> 621349
Grade: 2 bull(s) 4 cow(s).
Turn 103:
> 126349
Grade: 1 bull(s) 5 cow(s).
Turn 104:
> 216349
Grade: 1 bull(s) 5 cow(s).
Turn 105:
> 612349
Grade: 2 bull(s) 4 cow(s).
Turn 106:
> 162349
Grade: 1 bull(s) 5 cow(s).
Turn 107:
> 462319
Grade: 6 cow(s).
Turn 108:
> 642319
Grade: 1 bull(s) 5 cow(s).
Turn 109:
> 246319
Grade: 6 cow(s).
Turn 110:
> 426319
Grade: 6 cow(s).
Turn 111:
> 624319
Grade: 1 bull(s) 5 cow(s).
Turn 112:
> 264319
Grade: 6 cow(s).
Turn 113:
> 364219
Grade: 6 cow(s).
Turn 114:
> 634219
Grade: 2 bull(s) 4 cow(s).
Turn 115:
> 436219
Grade: 1 bull(s) 5 cow(s).
Turn 116:
> 346219
Grade: 6 cow(s).
Turn 117:
> 643219
Grade: 1 bull(s) 5 cow(s).
Turn 118:
> 463219
Grade: 6 cow(s).
Turn 119:
> 423619
Grade: 6 cow(s).
Turn 120:
> 243619
Grade: 6 cow(s).
Turn 121:
> 342619
Grade: 6 cow(s).
Turn 122:
> 432619
Grade: 1 bull(s) 5 cow(s).
Turn 123:
> 234619
Grade: 1 bull(s) 5 cow(s).
Turn 124:
> 324619
Grade: 6 cow(s).
Turn 125:
> 326419
Grade: 6 cow(s).
Turn 126:
> 236419
Grade: 1 bull(s) 5 cow(s).
Turn 127:
> 632419
Grade: 2 bull(s) 4 cow(s).
Turn 128:
> 362419
Grade: 6 cow(s).
Turn 129:
> 263419
Grade: 6 cow(s).
Turn 130:
> 623419
Grade: 1 bull(s) 5 cow(s).
Turn 131:
> 923416
Grade: 6 cow(s).
Turn 132:
> 293416
Grade: 6 cow(s).
Turn 133:
> 392416
Grade: 6 cow(s).
Turn 134:
> 932416
Grade: 1 bull(s) 5 cow(s).
Turn 135:
> 239416
Grade: 2 bull(s) 4 cow(s).
Turn 136:
> 329416
Grade: 1 bull(s) 5 cow(s).
Turn 137:
> 429316
Grade: 1 bull(s) 5 cow(s).
Turn 138:
> 249316
Grade: 1 bull(s) 5 cow(s).
Turn 139:
> 942316
Grade: 6 cow(s).
Turn 140:
> 492316
Grade: 6 cow(s).
Turn 141:
> 294316
Grade: 6 cow(s).
Turn 142:
> 924316
Grade: 6 cow(s).
Turn 143:
> 934216
Grade: 1 bull(s) 5 cow(s).
Turn 144:
> 394216
Grade: 6 cow(s).
Turn 145:
> 493216
Grade: 6 cow(s).
Turn 146:
> 943216
Grade: 6 cow(s).
Turn 147:
> 349216
Grade: 1 bull(s) 5 cow(s).
Turn 148:
> 439216
Grade: 2 bull(s) 4 cow(s).
Turn 149:
> 432916
Grade: 1 bull(s) 5 cow(s).
Turn 150:
> 342916
Grade: 6 cow(s).
Turn 151:
> 243916
Grade: 6 cow(s).
Turn 152:
> 423916
Grade: 6 cow(s).
Turn 153:
> 324916
Grade: 6 cow(s).
Turn 154:
> 234916
Grade: 1 bull(s) 5 cow(s).
Turn 155:
> 134926
Grade: 1 bull(s) 5 cow(s).
Turn 156:
> 314926
Grade: 6 cow(s).
Turn 157:
> 413926
Grade: 6 cow(s).
Turn 158:
> 143926
Grade: 6 cow(s).
Turn 159:
> 341926
Grade: 6 cow(s).
Turn 160:
> 431926
Grade: 1 bull(s) 5 cow(s).
Turn 161:
> 931426
Grade: 1 bull(s) 5 cow(s).
Turn 162:
> 391426
Grade: 6 cow(s).
Turn 163:
> 193426
Grade: 6 cow(s).
Turn 164:
> 913426
Grade: 6 cow(s).
Turn 165:
> 319426
Grade: 1 bull(s) 5 cow(s).
Turn 166:
> 139426
Grade: 2 bull(s) 4 cow(s).
Turn 167:
> 149326
Grade: 1 bull(s) 5 cow(s).
Turn 168:
> 419326
Grade: 1 bull(s) 5 cow(s).
Turn 169:
> 914326
Grade: 6 cow(s).
Turn 170:
> 194326
Grade: 6 cow(s).
Turn 171:
> 491326
Grade: 6 cow(s).
Turn 172:
> 941326
Grade: 6 cow(s).
Turn 173:
> 943126
Grade: 1 bull(s) 5 cow(s).
Turn 174:
> 493126
Grade: 1 bull(s) 5 cow(s).
Turn 175:
> 394126
Grade: 1 bull(s) 5 cow(s).
Turn 176:
> 934126
Grade: 2 bull(s) 4 cow(s).
Turn 177:
> 439126
Grade: 3 bull(s) 3 cow(s).
Turn 178:
> 349126
Grade: 2 bull(s) 4 cow(s).
Turn 179:
> 249136
Grade: 2 bull(s) 4 cow(s).
Turn 180:
> 429136
Grade: 2 bull(s) 4 cow(s).
Turn 181:
> 924136
Grade: 1 bull(s) 5 cow(s).
Turn 182:
> 294136
Grade: 1 bull(s) 5 cow(s).
Turn 183:
> 492136
Grade: 1 bull(s) 5 cow(s).
Turn 184:
> 942136
Grade: 1 bull(s) 5 cow(s).
Turn 185:
> 142936
Grade: 6 cow(s).
Turn 186:
> 412936
Grade: 6 cow(s).
Turn 187:
> 214936
Grade: 6 cow(s).
Turn 188:
> 124936
Grade: 6 cow(s).
Turn 189:
> 421936
Grade: 6 cow(s).
Turn 190:
> 241936
Grade: 6 cow(s).
Turn 191:
> 291436
Grade: 6 cow(s).
Turn 192:
> 921436
Grade: 6 cow(s).
Turn 193:
> 129436
Grade: 1 bull(s) 5 cow(s).
Turn 194:
> 219436
Grade: 1 bull(s) 5 cow(s).
Turn 195:
> 912436
Grade: 6 cow(s).
Turn 196:
> 192436
Grade: 6 cow(s).
Turn 197:
> 194236
Grade: 6 cow(s).
Turn 198:
> 914236
Grade: 6 cow(s).
Turn 199:
> 419236
Grade: 1 bull(s) 5 cow(s).
Turn 200:
> 149236
Grade: 1 bull(s) 5 cow(s).
Turn 201:
> 941236
Grade: 6 cow(s).
Turn 202:
> 491236
Grade: 6 cow(s).
Turn 203:
> 391246
Grade: 1 bull(s) 5 cow(s).
Turn 204:
> 931246
Grade: 2 bull(s) 4 cow(s).
Turn 205:
> 139246
Grade: 3 bull(s) 3 cow(s).
Turn 206:
> 319246
Grade: 2 bull(s) 4 cow(s).
Turn 207:
> 913246
Grade: 1 bull(s) 5 cow(s).
Turn 208:
> 193246
Grade: 1 bull(s) 5 cow(s).
Turn 209:
> 293146
Grade: 2 bull(s) 4 cow(s).
Turn 210:
> 923146
Grade: 2 bull(s) 4 cow(s).
Turn 211:
> 329146
Grade: 3 bull(s) 3 cow(s).
Turn 212:
> 239146
Grade: 4 bull(s) 2 cow(s).
Turn 213:
> 932146
Grade: 3 bull(s) 3 cow(s).
Turn 214:
> 392146
Grade: 2 bull(s) 4 cow(s).
Turn 215:
> 312946
Grade: 1 bull(s) 5 cow(s).
Turn 216:
> 132946
Grade: 2 bull(s) 4 cow(s).
Turn 217:
> 231946
Grade: 2 bull(s) 4 cow(s).
Turn 218:
> 321946
Grade: 1 bull(s) 5 cow(s).
Turn 219:
> 123946
Grade: 1 bull(s) 5 cow(s).
Turn 220:
> 213946
Grade: 1 bull(s) 5 cow(s).
Turn 221:
> 219346
Grade: 2 bull(s) 4 cow(s).
Turn 222:
> 129346
Grade: 2 bull(s) 4 cow(s).
Turn 223:
> 921346
Grade: 1 bull(s) 5 cow(s).
Turn 224:
> 291346
Grade: 1 bull(s) 5 cow(s).
Turn 225:
> 192346
Grade: 1 bull(s) 5 cow(s).
Turn 226:
> 912346
Grade: 1 bull(s) 5 cow(s).
Turn 227:
> 412396
Grade: 6 cow(s).
Turn 228:
> 142396
Grade: 6 cow(s).
Turn 229:
> 241396
Grade: 6 cow(s).
Turn 230:
> 421396
Grade: 6 cow(s).
Turn 231:
> 124396
Grade: 6 cow(s).
Turn 232:
> 214396
Grade: 6 cow(s).
Turn 233:
> 314296
Grade: 6 cow(s).
Turn 234:
> 134296
Grade: 1 bull(s) 5 cow(s).
Turn 235:
> 431296
Grade: 1 bull(s) 5 cow(s).
Turn 236:
> 341296
Grade: 6 cow(s).
Turn 237:
> 143296
Grade: 6 cow(s).
Turn 238:
> 413296
Grade: 6 cow(s).
Turn 239:
> 423196
Grade: 1 bull(s) 5 cow(s).
Turn 240:
> 243196
Grade: 1 bull(s) 5 cow(s).
Turn 241:
> 342196
Grade: 1 bull(s) 5 cow(s).
Turn 242:
> 432196
Grade: 2 bull(s) 4 cow(s).
Turn 243:
> 234196
Grade: 2 bull(s) 4 cow(s).
Turn 244:
> 324196
Grade: 1 bull(s) 5 cow(s).
Turn 245:
> 321496
Grade: 6 cow(s).
Turn 246:
> 231496
Grade: 1 bull(s) 5 cow(s).
Turn 247:
> 132496
Grade: 1 bull(s) 5 cow(s).
Turn 248:
> 312496
Grade: 6 cow(s).
Turn 249:
> 213496
Grade: 6 cow(s).
Turn 250:
> 123496
Grade: 6 cow(s).
Turn 251:
> 163492
Grade: 1 bull(s) 5 cow(s).
Turn 252:
> 613492
Grade: 2 bull(s) 4 cow(s).
Turn 253:
> 316492
Grade: 1 bull(s) 5 cow(s).
Turn 254:
> 136492
Grade: 2 bull(s) 4 cow(s).
Turn 255:
> 631492
Grade: 3 bull(s) 3 cow(s).
Turn 256:
> 361492
Grade: 1 bull(s) 5 cow(s).
Turn 257:
> 461392
Grade: 1 bull(s) 5 cow(s).
Turn 258:
> 641392
Grade: 2 bull(s) 4 cow(s).
Turn 259:
> 146392
Grade: 1 bull(s) 5 cow(s).
Turn 260:
> 416392
Grade: 1 bull(s) 5 cow(s).
Turn 261:
> 614392
Grade: 2 bull(s) 4 cow(s).
Turn 262:
> 164392
Grade: 1 bull(s) 5 cow(s).
Turn 263:
> 134692
Grade: 2 bull(s) 4 cow(s).
Turn 264:
> 314692
Grade: 1 bull(s) 5 cow(s).
Turn 265:
> 413692
Grade: 1 bull(s) 5 cow(s).
Turn 266:
> 143692
Grade: 1 bull(s) 5 cow(s).
Turn 267:
> 341692
Grade: 1 bull(s) 5 cow(s).
Turn 268:
> 431692
Grade: 2 bull(s) 4 cow(s).
Turn 269:
> 436192
Grade: 3 bull(s) 3 cow(s).
Turn 270:
> 346192
Grade: 2 bull(s) 4 cow(s).
Turn 271:
> 643192
Grade: 3 bull(s) 3 cow(s).
Turn 272:
> 463192
Grade: 2 bull(s) 4 cow(s).
Turn 273:
> 364192
Grade: 2 bull(s) 4 cow(s).
Turn 274:
> 634192
Grade: 4 bull(s) 2 cow(s).
Turn 275:
> 934162
Grade: 3 bull(s) 3 cow(s).
Turn 276:
> 394162
Grade: 2 bull(s) 4 cow(s).
Turn 277:
> 493162
Grade: 2 bull(s) 4 cow(s).
Turn 278:
> 943162
Grade: 2 bull(s) 4 cow(s).
Turn 279:
> 349162
Grade: 3 bull(s) 3 cow(s).
Turn 280:
> 439162
Grade: 4 bull(s) 2 cow(s).
Turn 281:
> 139462
Grade: 3 bull(s) 3 cow(s).
Turn 282:
> 319462
Grade: 2 bull(s) 4 cow(s).
Turn 283:
> 913462
Grade: 1 bull(s) 5 cow(s).
Turn 284:
> 193462
Grade: 1 bull(s) 5 cow(s).
Turn 285:
> 391462
Grade: 1 bull(s) 5 cow(s).
Turn 286:
> 931462
Grade: 2 bull(s) 4 cow(s).
Turn 287:
> 941362
Grade: 1 bull(s) 5 cow(s).
Turn 288:
> 491362
Grade: 1 bull(s) 5 cow(s).
Turn 289:
> 194362
Grade: 1 bull(s) 5 cow(s).
Turn 290:
> 914362
Grade: 1 bull(s) 5 cow(s).
Turn 291:
> 419362
Grade: 2 bull(s) 4 cow(s).
Turn 292:
> 149362
Grade: 2 bull(s) 4 cow(s).
Turn 293:
> 143962
Grade: 1 bull(s) 5 cow(s).
Turn 294:
> 413962
Grade: 1 bull(s) 5 cow(s).
Turn 295:
> 314962
Grade: 1 bull(s) 5 cow(s).
Turn 296:
> 134962
Grade: 2 bull(s) 4 cow(s).
Turn 297:
> 431962
Grade: 2 bull(s) 4 cow(s).
Turn 298:
> 341962
Grade: 1 bull(s) 5 cow(s).
Turn 299:
> 641932
Grade: 2 bull(s) 4 cow(s).
Turn 300:
> 461932
Grade: 1 bull(s) 5 cow(s).
Turn 301:
> 164932
Grade: 1 bull(s) 5 cow(s).
Turn 302:
> 614932
Grade: 2 bull(s) 4 cow(s).
Turn 303:
> 416932
Grade: 1 bull(s) 5 cow(s).
Turn 304:
> 146932
Grade: 1 bull(s) 5 cow(s).
Turn 305:
> 946132
Grade: 2 bull(s) 4 cow(s).
Turn 306:
> 496132
Grade: 2 bull(s) 4 cow(s).
Turn 307:
> 694132
Grade: 3 bull(s) 3 cow(s).
Turn 308:
> 964132
Grade: 2 bull(s) 4 cow(s).
Turn 309:
> 469132
Grade: 3 bull(s) 3 cow(s).
Turn 310:
> 649132
Grade: 4 bull(s) 2 cow(s).
Turn 311:
> 619432
Grade: 3 bull(s) 3 cow(s).
Turn 312:
> 169432
Grade: 2 bull(s) 4 cow(s).
Turn 313:
> 961432
Grade: 1 bull(s) 5 cow(s).
Turn 314:
> 691432
Grade: 2 bull(s) 4 cow(s).
Turn 315:
> 196432
Grade: 1 bull(s) 5 cow(s).
Turn 316:
> 916432
Grade: 1 bull(s) 5 cow(s).
Turn 317:
> 914632
Grade: 1 bull(s) 5 cow(s).
Turn 318:
> 194632
Grade: 1 bull(s) 5 cow(s).
Turn 319:
> 491632
Grade: 1 bull(s) 5 cow(s).
Turn 320:
> 941632
Grade: 1 bull(s) 5 cow(s).
Turn 321:
> 149632
Grade: 2 bull(s) 4 cow(s).
Turn 322:
> 419632
Grade: 2 bull(s) 4 cow(s).
Turn 323:
> 319642
Grade: 3 bull(s) 3 cow(s).
Turn 324:
> 139642
Grade: 4 bull(s) 2 cow(s).
Turn 325:
> 931642
Grade: 3 bull(s) 3 cow(s).
Turn 326:
> 391642
Grade: 2 bull(s) 4 cow(s).
Turn 327:
> 193642
Grade: 2 bull(s) 4 cow(s).
Turn 328:
> 913642
Grade: 2 bull(s) 4 cow(s).
Turn 329:
> 613942
Grade: 3 bull(s) 3 cow(s).
Turn 330:
> 163942
Grade: 2 bull(s) 4 cow(s).
Turn 331:
> 361942
Grade: 2 bull(s) 4 cow(s).
Turn 332:
> 631942
Grade: 4 bull(s) 2 cow(s).
Turn 333:
> 136942
Grade: 3 bull(s) 3 cow(s).
Turn 334:
> 316942
Grade: 2 bull(s) 4 cow(s).
Turn 335:
> 396142
Grade: 3 bull(s) 3 cow(s).
Turn 336:
> 936142
Grade: 4 bull(s) 2 cow(s).
Turn 337:
> 639142
Grade: 6 bulls.
Congratulations! You guessed the secret code.
?[1;31m
Start test 4?[0m
Please, enter the secret code's length:
> 11
Input the number of possible symbols in the code:
> 10
?[1;31m
Start test 5?[0m
Please, enter the secret code's length:
> 4
Input the number of possible symbols in the code:
> 16
Okay, let's start the game!
The secret is prepared: **** (0-9, a-f)
Turn 1:
> 0000
Grade: 1 bull(s).
Turn 2:
> 1111
Grade: None.
Turn 3:
> 2222
Grade: None.
Turn 4:
> 3333
Grade: None.
Turn 5:
> 4444
Grade: None.
Turn 6:
> 5555
Grade: None.
Turn 7:
> 6666
Grade: None.
Turn 8:
> 7777
Grade: None.
Turn 9:
> 8888
Grade: 1 bull(s).
Turn 10:
> 9999
Grade: None.
Turn 11:
> aaaa
Grade: None.
Turn 12:
> bbbb
Grade: None.
Turn 13:
> cccc
Grade: 1 bull(s).
Turn 14:
> dddd
Grade: None.
Turn 15:
> eeee
Grade: None.
Turn 16:
> ffff
Grade: 1 bull(s).
Turn 17:
> 08cf
Grade: 2 bull(s) 2 cow(s).
Turn 18:
> 80cf
Grade: 4 bulls.
Congratulations! You guessed the secret code.
?[1;31m
Start test 6?[0m
Please, enter the secret code's length:
> 6
Input the number of possible symbols in the code:
> 36
Okay, let's start the game!
The secret is prepared: ****** (0-9, a-z)
Turn 1:
> 000000
Grade: 1 bull(s).
Turn 2:
> 111111
Grade: None.
Turn 3:
> 222222
Grade: None.
Turn 4:
> 333333
Grade: None.
Turn 5:
> 444444
Grade: None.
Turn 6:
> 555555
Grade: None.
Turn 7:
> 666666
Grade: None.
Turn 8:
> 777777
Grade: None.
Turn 9:
> 888888
Grade: None.
Turn 10:
> 999999
Grade: None.
Turn 11:
> aaaaaa
Grade: None.
Turn 12:
> bbbbbb
Grade: None.
Turn 13:
> cccccc
Grade: None.
Turn 14:
> dddddd
Grade: None.
Turn 15:
> eeeeee
Grade: 1 bull(s).
Turn 16:
> ffffff
Grade: None.
Turn 17:
> gggggg
Grade: None.
Turn 18:
> hhhhhh
Grade: None.
Turn 19:
> iiiiii
Grade: None.
Turn 20:
> jjjjjj
Grade: None.
Turn 21:
> kkkkkk
Grade: None.
Turn 22:
> llllll
Grade: 1 bull(s).
Turn 23:
> mmmmmm
Grade: None.
Turn 24:
> nnnnnn
Grade: None.
Turn 25:
> oooooo
Grade: None.
Turn 26:
> pppppp
Grade: 1 bull(s).
Turn 27:
> qqqqqq
Grade: None.
Turn 28:
> rrrrrr
Grade: 1 bull(s).
Turn 29:
> ssssss
Grade: None.
Turn 30:
> tttttt
Grade: None.
Turn 31:
> uuuuuu
Grade: None.
Turn 32:
> vvvvvv
Grade: None.
Turn 33:
> wwwwww
Grade: None.
Turn 34:
> xxxxxx
Grade: None.
Turn 35:
> yyyyyy
Grade: 1 bull(s).
Turn 36:
> 0elpry
Grade: 1 bull(s) 5 cow(s).
Turn 37:
> e0lpry
Grade: 1 bull(s) 5 cow(s).
Turn 38:
> l0epry
Grade: 1 bull(s) 5 cow(s).
Turn 39:
> 0lepry
Grade: 1 bull(s) 5 cow(s).
Turn 40:
> el0pry
Grade: 2 bull(s) 4 cow(s).
Turn 41:
> le0pry
Grade: 2 bull(s) 4 cow(s).
Turn 42:
> pe0lry
Grade: 3 bull(s) 3 cow(s).
Turn 43:
> ep0lry
Grade: 4 bull(s) 2 cow(s).
Turn 44:
> 0pelry
Grade: 3 bull(s) 3 cow(s).
Turn 45:
> p0elry
Grade: 2 bull(s) 4 cow(s).
Turn 46:
> e0plry
Grade: 2 bull(s) 4 cow(s).
Turn 47:
> 0eplry
Grade: 2 bull(s) 4 cow(s).
Turn 48:
> 0lpery
Grade: 1 bull(s) 5 cow(s).
Turn 49:
> l0pery
Grade: 1 bull(s) 5 cow(s).
Turn 50:
> p0lery
Grade: 1 bull(s) 5 cow(s).
Turn 51:
> 0plery
Grade: 2 bull(s) 4 cow(s).
Turn 52:
> lp0ery
Grade: 3 bull(s) 3 cow(s).
Turn 53:
> pl0ery
Grade: 2 bull(s) 4 cow(s).
Turn 54:
> ple0ry
Grade: 1 bull(s) 5 cow(s).
Turn 55:
> lpe0ry
Grade: 2 bull(s) 4 cow(s).
Turn 56:
> epl0ry
Grade: 2 bull(s) 4 cow(s).
Turn 57:
> pel0ry
Grade: 1 bull(s) 5 cow(s).
Turn 58:
> lep0ry
Grade: 1 bull(s) 5 cow(s).
Turn 59:
> elp0ry
Grade: 1 bull(s) 5 cow(s).
Turn 60:
> rlp0ey
Grade: 6 cow(s).
Turn 61:
> lrp0ey
Grade: 6 cow(s).
Turn 62:
> prl0ey
Grade: 6 cow(s).
Turn 63:
> rpl0ey
Grade: 1 bull(s) 5 cow(s).
Turn 64:
> lpr0ey
Grade: 1 bull(s) 5 cow(s).
Turn 65:
> plr0ey
Grade: 6 cow(s).
Turn 66:
> 0lrpey
Grade: 6 cow(s).
Turn 67:
> l0rpey
Grade: 6 cow(s).
Turn 68:
> r0lpey
Grade: 6 cow(s).
Turn 69:
> 0rlpey
Grade: 6 cow(s).
Turn 70:
> lr0pey
Grade: 1 bull(s) 5 cow(s).
Turn 71:
> rl0pey
Grade: 1 bull(s) 5 cow(s).
Turn 72:
> rp0ley
Grade: 3 bull(s) 3 cow(s).
Turn 73:
> pr0ley
Grade: 2 bull(s) 4 cow(s).
Turn 74:
> 0rpley
Grade: 1 bull(s) 5 cow(s).
Turn 75:
> r0pley
Grade: 1 bull(s) 5 cow(s).
Turn 76:
> p0rley
Grade: 1 bull(s) 5 cow(s).
Turn 77:
> 0prley
Grade: 2 bull(s) 4 cow(s).
Turn 78:
> 0plrey
Grade: 1 bull(s) 5 cow(s).
Turn 79:
> p0lrey
Grade: 6 cow(s).
Turn 80:
> l0prey
Grade: 6 cow(s).
Turn 81:
> 0lprey
Grade: 6 cow(s).
Turn 82:
> pl0rey
Grade: 1 bull(s) 5 cow(s).
Turn 83:
> lp0rey
Grade: 2 bull(s) 4 cow(s).
Turn 84:
> ep0rly
Grade: 2 bull(s) 4 cow(s).
Turn 85:
> pe0rly
Grade: 1 bull(s) 5 cow(s).
Turn 86:
> 0eprly
Grade: 6 cow(s).
Turn 87:
> e0prly
Grade: 6 cow(s).
Turn 88:
> p0erly
Grade: 6 cow(s).
Turn 89:
> 0perly
Grade: 1 bull(s) 5 cow(s).
Turn 90:
> rpe0ly
Grade: 1 bull(s) 5 cow(s).
Turn 91:
> pre0ly
Grade: 6 cow(s).
Turn 92:
> erp0ly
Grade: 6 cow(s).
Turn 93:
> rep0ly
Grade: 6 cow(s).
Turn 94:
> per0ly
Grade: 6 cow(s).
Turn 95:
> epr0ly
Grade: 1 bull(s) 5 cow(s).
Turn 96:
> e0rply
Grade: 6 cow(s).
Turn 97:
> 0erply
Grade: 6 cow(s).
Turn 98:
> re0ply
Grade: 1 bull(s) 5 cow(s).
Turn 99:
> er0ply
Grade: 1 bull(s) 5 cow(s).
Turn 100:
> 0reply
Grade: 6 cow(s).
Turn 101:
> r0eply
Grade: 6 cow(s).
Turn 102:
> r0pely
Grade: 6 cow(s).
Turn 103:
> 0rpely
Grade: 6 cow(s).
Turn 104:
> pr0ely
Grade: 1 bull(s) 5 cow(s).
Turn 105:
> rp0ely
Grade: 2 bull(s) 4 cow(s).
Turn 106:
> 0prely
Grade: 1 bull(s) 5 cow(s).
Turn 107:
> p0rely
Grade: 6 cow(s).
Turn 108:
> l0repy
Grade: 6 cow(s).
Turn 109:
> 0lrepy
Grade: 6 cow(s).
Turn 110:
> rl0epy
Grade: 1 bull(s) 5 cow(s).
Turn 111:
> lr0epy
Grade: 1 bull(s) 5 cow(s).
Turn 112:
> 0rlepy
Grade: 6 cow(s).
Turn 113:
> r0lepy
Grade: 6 cow(s).
Turn 114:
> e0lrpy
Grade: 6 cow(s).
Turn 115:
> 0elrpy
Grade: 6 cow(s).
Turn 116:
> le0rpy
Grade: 1 bull(s) 5 cow(s).
Turn 117:
> el0rpy
Grade: 1 bull(s) 5 cow(s).
Turn 118:
> 0lerpy
Grade: 6 cow(s).
Turn 119:
> l0erpy
Grade: 6 cow(s).
Turn 120:
> lre0py
Grade: 6 cow(s).
Turn 121:
> rle0py
Grade: 6 cow(s).
Turn 122:
> elr0py
Grade: 6 cow(s).
Turn 123:
> ler0py
Grade: 6 cow(s).
Turn 124:
> rel0py
Grade: 6 cow(s).
Turn 125:
> erl0py
Grade: 6 cow(s).
Turn 126:
> er0lpy
Grade: 2 bull(s) 4 cow(s).
Turn 127:
> re0lpy
Grade: 2 bull(s) 4 cow(s).
Turn 128:
> 0erlpy
Grade: 1 bull(s) 5 cow(s).
Turn 129:
> e0rlpy
Grade: 1 bull(s) 5 cow(s).
Turn 130:
> r0elpy
Grade: 1 bull(s) 5 cow(s).
Turn 131:
> 0relpy
Grade: 1 bull(s) 5 cow(s).
Turn 132:
> prel0y
Grade: 1 bull(s) 5 cow(s).
Turn 133:
> rpel0y
Grade: 2 bull(s) 4 cow(s).
Turn 134:
> eprl0y
Grade: 2 bull(s) 4 cow(s).
Turn 135:
> perl0y
Grade: 1 bull(s) 5 cow(s).
Turn 136:
> repl0y
Grade: 1 bull(s) 5 cow(s).
Turn 137:
> erpl0y
Grade: 1 bull(s) 5 cow(s).
Turn 138:
> lrpe0y
Grade: 6 cow(s).
Turn 139:
> rlpe0y
Grade: 6 cow(s).
Turn 140:
> plre0y
Grade: 6 cow(s).
Turn 141:
> lpre0y
Grade: 1 bull(s) 5 cow(s).
Turn 142:
> rple0y
Grade: 1 bull(s) 5 cow(s).
Turn 143:
> prle0y
Grade: 6 cow(s).
Turn 144:
> pelr0y
Grade: 6 cow(s).
Turn 145:
> eplr0y
Grade: 1 bull(s) 5 cow(s).
Turn 146:
> lper0y
Grade: 1 bull(s) 5 cow(s).
Turn 147:
> pler0y
Grade: 6 cow(s).
Turn 148:
> elpr0y
Grade: 6 cow(s).
Turn 149:
> lepr0y
Grade: 6 cow(s).
Turn 150:
> lerp0y
Grade: 6 cow(s).
Turn 151:
> elrp0y
Grade: 6 cow(s).
Turn 152:
> rlep0y
Grade: 6 cow(s).
Turn 153:
> lrep0y
Grade: 6 cow(s).
Turn 154:
> erlp0y
Grade: 6 cow(s).
Turn 155:
> relp0y
Grade: 6 cow(s).
Turn 156:
> yelp0r
Grade: 1 bull(s) 5 cow(s).
Turn 157:
> eylp0r
Grade: 6 cow(s).
Turn 158:
> lyep0r
Grade: 6 cow(s).
Turn 159:
> ylep0r
Grade: 1 bull(s) 5 cow(s).
Turn 160:
> elyp0r
Grade: 6 cow(s).
Turn 161:
> leyp0r
Grade: 6 cow(s).
Turn 162:
> peyl0r
Grade: 1 bull(s) 5 cow(s).
Turn 163:
> epyl0r
Grade: 2 bull(s) 4 cow(s).
Turn 164:
> ypel0r
Grade: 3 bull(s) 3 cow(s).
Turn 165:
> pyel0r
Grade: 1 bull(s) 5 cow(s).
Turn 166:
> eypl0r
Grade: 1 bull(s) 5 cow(s).
Turn 167:
> yepl0r
Grade: 2 bull(s) 4 cow(s).
Turn 168:
> ylpe0r
Grade: 1 bull(s) 5 cow(s).
Turn 169:
> lype0r
Grade: 6 cow(s).
Turn 170:
> pyle0r
Grade: 6 cow(s).
Turn 171:
> yple0r
Grade: 2 bull(s) 4 cow(s).
Turn 172:
> lpye0r
Grade: 1 bull(s) 5 cow(s).
Turn 173:
> plye0r
Grade: 6 cow(s).
Turn 174:
> pley0r
Grade: 6 cow(s).
Turn 175:
> lpey0r
Grade: 1 bull(s) 5 cow(s).
Turn 176:
> eply0r
Grade: 1 bull(s) 5 cow(s).
Turn 177:
> pely0r
Grade: 6 cow(s).
Turn 178:
> lepy0r
Grade: 6 cow(s).
Turn 179:
> elpy0r
Grade: 6 cow(s).
Turn 180:
> 0lpyer
Grade: 6 cow(s).
Turn 181:
> l0pyer
Grade: 6 cow(s).
Turn 182:
> p0lyer
Grade: 6 cow(s).
Turn 183:
> 0plyer
Grade: 1 bull(s) 5 cow(s).
Turn 184:
> lp0yer
Grade: 2 bull(s) 4 cow(s).
Turn 185:
> pl0yer
Grade: 1 bull(s) 5 cow(s).
Turn 186:
> yl0per
Grade: 2 bull(s) 4 cow(s).
Turn 187:
> ly0per
Grade: 1 bull(s) 5 cow(s).
Turn 188:
> 0ylper
Grade: 6 cow(s).
Turn 189:
> y0lper
Grade: 1 bull(s) 5 cow(s).
Turn 190:
> l0yper
Grade: 6 cow(s).
Turn 191:
> 0lyper
Grade: 6 cow(s).
Turn 192:
> 0pyler
Grade: 2 bull(s) 4 cow(s).
Turn 193:
> p0yler
Grade: 1 bull(s) 5 cow(s).
Turn 194:
> y0pler
Grade: 2 bull(s) 4 cow(s).
Turn 195:
> 0ypler
Grade: 1 bull(s) 5 cow(s).
Turn 196:
> py0ler
Grade: 2 bull(s) 4 cow(s).
Turn 197:
> yp0ler
Grade: 4 bull(s) 2 cow(s).
Turn 198:
> ypl0er
Grade: 2 bull(s) 4 cow(s).
Turn 199:
> pyl0er
Grade: 6 cow(s).
Turn 200:
> lyp0er
Grade: 6 cow(s).
Turn 201:
> ylp0er
Grade: 1 bull(s) 5 cow(s).
Turn 202:
> ply0er
Grade: 6 cow(s).
Turn 203:
> lpy0er
Grade: 1 bull(s) 5 cow(s).
Turn 204:
> epy0lr
Grade: 1 bull(s) 5 cow(s).
Turn 205:
> pey0lr
Grade: 6 cow(s).
Turn 206:
> yep0lr
Grade: 1 bull(s) 5 cow(s).
Turn 207:
> eyp0lr
Grade: 6 cow(s).
Turn 208:
> pye0lr
Grade: 6 cow(s).
Turn 209:
> ype0lr
Grade: 2 bull(s) 4 cow(s).
Turn 210:
> 0peylr
Grade: 1 bull(s) 5 cow(s).
Turn 211:
> p0eylr
Grade: 6 cow(s).
Turn 212:
> e0pylr
Grade: 6 cow(s).
Turn 213:
> 0epylr
Grade: 6 cow(s).
Turn 214:
> pe0ylr
Grade: 1 bull(s) 5 cow(s).
Turn 215:
> ep0ylr
Grade: 2 bull(s) 4 cow(s).
Turn 216:
> ey0plr
Grade: 1 bull(s) 5 cow(s).
Turn 217:
> ye0plr
Grade: 2 bull(s) 4 cow(s).
Turn 218:
> 0eyplr
Grade: 6 cow(s).
Turn 219:
> e0yplr
Grade: 6 cow(s).
Turn 220:
> y0eplr
Grade: 1 bull(s) 5 cow(s).
Turn 221:
> 0yeplr
Grade: 6 cow(s).
Turn 222:
> 0ypelr
Grade: 6 cow(s).
Turn 223:
> y0pelr
Grade: 1 bull(s) 5 cow(s).
Turn 224:
> p0yelr
Grade: 6 cow(s).
Turn 225:
> 0pyelr
Grade: 1 bull(s) 5 cow(s).
Turn 226:
> yp0elr
Grade: 3 bull(s) 3 cow(s).
Turn 227:
> py0elr
Grade: 1 bull(s) 5 cow(s).
Turn 228:
> ly0epr
Grade: 1 bull(s) 5 cow(s).
Turn 229:
> yl0epr
Grade: 2 bull(s) 4 cow(s).
Turn 230:
> 0lyepr
Grade: 6 cow(s).
Turn 231:
> l0yepr
Grade: 6 cow(s).
Turn 232:
> y0lepr
Grade: 1 bull(s) 5 cow(s).
Turn 233:
> 0ylepr
Grade: 6 cow(s).
Turn 234:
> eyl0pr
Grade: 6 cow(s).
Turn 235:
> yel0pr
Grade: 1 bull(s) 5 cow(s).
Turn 236:
> ley0pr
Grade: 6 cow(s).
Turn 237:
> ely0pr
Grade: 6 cow(s).
Turn 238:
> yle0pr
Grade: 1 bull(s) 5 cow(s).
Turn 239:
> lye0pr
Grade: 6 cow(s).
Turn 240:
> l0eypr
Grade: 6 cow(s).
Turn 241:
> 0leypr
Grade: 6 cow(s).
Turn 242:
> el0ypr
Grade: 1 bull(s) 5 cow(s).
Turn 243:
> le0ypr
Grade: 1 bull(s) 5 cow(s).
Turn 244:
> 0elypr
Grade: 6 cow(s).
Turn 245:
> e0lypr
Grade: 6 cow(s).
Turn 246:
> e0ylpr
Grade: 1 bull(s) 5 cow(s).
Turn 247:
> 0eylpr
Grade: 1 bull(s) 5 cow(s).
Turn 248:
> ye0lpr
Grade: 3 bull(s) 3 cow(s).
Turn 249:
> ey0lpr
Grade: 2 bull(s) 4 cow(s).
Turn 250:
> 0yelpr
Grade: 1 bull(s) 5 cow(s).
Turn 251:
> y0elpr
Grade: 2 bull(s) 4 cow(s).
Turn 252:
> p0elyr
Grade: 1 bull(s) 5 cow(s).
Turn 253:
> 0pelyr
Grade: 2 bull(s) 4 cow(s).
Turn 254:
> ep0lyr
Grade: 3 bull(s) 3 cow(s).
Turn 255:
> pe0lyr
Grade: 2 bull(s) 4 cow(s).
Turn 256:
> 0eplyr
Grade: 1 bull(s) 5 cow(s).
Turn 257:
> e0plyr
Grade: 1 bull(s) 5 cow(s).
Turn 258:
> l0peyr
Grade: 6 cow(s).
Turn 259:
> 0lpeyr
Grade: 6 cow(s).
Turn 260:
> pl0eyr
Grade: 1 bull(s) 5 cow(s).
Turn 261:
> lp0eyr
Grade: 2 bull(s) 4 cow(s).
Turn 262:
> 0pleyr
Grade: 1 bull(s) 5 cow(s).
Turn 263:
> p0leyr
Grade: 6 cow(s).
Turn 264:
> pel0yr
Grade: 6 cow(s).
Turn 265:
> epl0yr
Grade: 1 bull(s) 5 cow(s).
Turn 266:
> lpe0yr
Grade: 1 bull(s) 5 cow(s).
Turn 267:
> ple0yr
Grade: 6 cow(s).
Turn 268:
> elp0yr
Grade: 6 cow(s).
Turn 269:
> lep0yr
Grade: 6 cow(s).
Turn 270:
> le0pyr
Grade: 1 bull(s) 5 cow(s).
Turn 271:
> el0pyr
Grade: 1 bull(s) 5 cow(s).
Turn 272:
> 0lepyr
Grade: 6 cow(s).
Turn 273:
> l0epyr
Grade: 6 cow(s).
Turn 274:
> e0lpyr
Grade: 6 cow(s).
Turn 275:
> 0elpyr
Grade: 6 cow(s).
Turn 276:
> 0rlpye
Grade: 1 bull(s) 5 cow(s).
Turn 277:
> r0lpye
Grade: 1 bull(s) 5 cow(s).
Turn 278:
> l0rpye
Grade: 1 bull(s) 5 cow(s).
Turn 279:
> 0lrpye
Grade: 1 bull(s) 5 cow(s).
Turn 280:
> rl0pye
Grade: 2 bull(s) 4 cow(s).
Turn 281:
> lr0pye
Grade: 2 bull(s) 4 cow(s).
Turn 282:
> pr0lye
Grade: 3 bull(s) 3 cow(s).
Turn 283:
> rp0lye
Grade: 4 bull(s) 2 cow(s).
Turn 284:
> 0prlye
Grade: 3 bull(s) 3 cow(s).
Turn 285:
> p0rlye
Grade: 2 bull(s) 4 cow(s).
Turn 286:
> r0plye
Grade: 2 bull(s) 4 cow(s).
Turn 287:
> 0rplye
Grade: 2 bull(s) 4 cow(s).
Turn 288:
> 0lprye
Grade: 1 bull(s) 5 cow(s).
Turn 289:
> l0prye
Grade: 1 bull(s) 5 cow(s).
Turn 290:
> p0lrye
Grade: 1 bull(s) 5 cow(s).
Turn 291:
> 0plrye
Grade: 2 bull(s) 4 cow(s).
Turn 292:
> lp0rye
Grade: 3 bull(s) 3 cow(s).
Turn 293:
> pl0rye
Grade: 2 bull(s) 4 cow(s).
Turn 294:
> plr0ye
Grade: 1 bull(s) 5 cow(s).
Turn 295:
> lpr0ye
Grade: 2 bull(s) 4 cow(s).
Turn 296:
> rpl0ye
Grade: 2 bull(s) 4 cow(s).
Turn 297:
> prl0ye
Grade: 1 bull(s) 5 cow(s).
Turn 298:
> lrp0ye
Grade: 1 bull(s) 5 cow(s).
Turn 299:
> rlp0ye
Grade: 1 bull(s) 5 cow(s).
Turn 300:
> ylp0re
Grade: 3 bull(s) 3 cow(s).
Turn 301:
> lyp0re
Grade: 2 bull(s) 4 cow(s).
Turn 302:
> pyl0re
Grade: 2 bull(s) 4 cow(s).
Turn 303:
> ypl0re
Grade: 4 bull(s) 2 cow(s).
Turn 304:
> lpy0re
Grade: 3 bull(s) 3 cow(s).
Turn 305:
> ply0re
Grade: 2 bull(s) 4 cow(s).
Turn 306:
> 0lypre
Grade: 2 bull(s) 4 cow(s).
Turn 307:
> l0ypre
Grade: 2 bull(s) 4 cow(s).
Turn 308:
> y0lpre
Grade: 3 bull(s) 3 cow(s).
Turn 309:
> 0ylpre
Grade: 2 bull(s) 4 cow(s).
Turn 310:
> ly0pre
Grade: 3 bull(s) 3 cow(s).
Turn 311:
> yl0pre
Grade: 4 bull(s) 2 cow(s).
Turn 312:
> yp0lre
Grade: 6 bulls.
Congratulations! You guessed the secret code.
?[1;31m
Start test 7?[0m
Please, enter the secret code's length:
> 0
Error: "0" isn't a valid number.
?[1;31m
Start test 8?[0m
Please, enter the secret code's length:
> 10
Input the number of possible symbols in the code:
> 9
?[1;31m
Start test 9?[0m
Please, enter the secret code's length:
> 9
Input the number of possible symbols in the code:
> 37
Error: maximum number of possible symbols in the code is 36 (0-9, a-z).
?[1;31m
Start test 10?[0m
Please, enter the secret code's length:
> abcdefg 1 -6
Error: "abcdefg 1 -6" isn't a valid number.
Error: "0" isn't a valid number.
]]></system-out>
  <system-err><![CDATA[]]></system-err>
</testsuite>
